SPHView00 96 1 0.16379
0.000000e+00 0.000000e+00 0.000000e+00
0.000000e+00 0.000000e+00 1.259923e-01
0.000000e+00 0.000000e+00 2.519846e-01
0.000000e+00 0.000000e+00 3.779770e-01
0.000000e+00 1.259923e-01 0.000000e+00
0.000000e+00 1.259923e-01 1.259923e-01
0.000000e+00 1.259923e-01 2.519846e-01
0.000000e+00 1.259923e-01 3.779770e-01
0.000000e+00 2.519846e-01 0.000000e+00
0.000000e+00 2.519846e-01 1.259923e-01
0.000000e+00 2.519846e-01 2.519846e-01
0.000000e+00 2.519846e-01 3.779770e-01
0.000000e+00 3.779770e-01 0.000000e+00
0.000000e+00 3.779770e-01 1.259923e-01
0.000000e+00 3.779770e-01 2.519846e-01
0.000000e+00 3.779770e-01 3.779770e-01
0.000000e+00 5.039693e-01 0.000000e+00
0.000000e+00 5.039693e-01 1.259923e-01
0.000000e+00 5.039693e-01 2.519846e-01
0.000000e+00 5.039693e-01 3.779770e-01
0.000000e+00 6.299616e-01 0.000000e+00
0.000000e+00 6.299616e-01 1.259923e-01
0.000000e+00 6.299616e-01 2.519846e-01
0.000000e+00 6.299616e-01 3.779770e-01
1.259923e-01 0.000000e+00 0.000000e+00
1.259923e-01 0.000000e+00 1.259923e-01
1.259923e-01 0.000000e+00 2.519846e-01
1.259923e-01 0.000000e+00 3.779770e-01
1.259923e-01 1.259923e-01 0.000000e+00
1.259923e-01 1.259923e-01 1.259923e-01
1.259923e-01 1.259923e-01 2.519846e-01
1.259923e-01 1.259923e-01 3.779770e-01
1.259923e-01 2.519846e-01 0.000000e+00
1.259923e-01 2.519846e-01 1.259923e-01
1.259923e-01 2.519846e-01 2.519846e-01
1.259923e-01 2.519846e-01 3.779770e-01
1.259923e-01 3.779770e-01 0.000000e+00
1.259923e-01 3.779770e-01 1.259923e-01
1.259923e-01 3.779770e-01 2.519846e-01
1.259923e-01 3.779770e-01 3.779770e-01
1.259923e-01 5.039693e-01 0.000000e+00
1.259923e-01 5.039693e-01 1.259923e-01
1.259923e-01 5.039693e-01 2.519846e-01
1.259923e-01 5.039693e-01 3.779770e-01
1.259923e-01 6.299616e-01 0.000000e+00
1.259923e-01 6.299616e-01 1.259923e-01
1.259923e-01 6.299616e-01 2.519846e-01
1.259923e-01 6.299616e-01 3.779770e-01
2.519846e-01 0.000000e+00 0.000000e+00
2.519846e-01 0.000000e+00 1.259923e-01
2.519846e-01 0.000000e+00 2.519846e-01
2.519846e-01 0.000000e+00 3.779770e-01
2.519846e-01 1.259923e-01 0.000000e+00
2.519846e-01 1.259923e-01 1.259923e-01
2.519846e-01 1.259923e-01 2.519846e-01
2.519846e-01 1.259923e-01 3.779770e-01
2.519846e-01 2.519846e-01 0.000000e+00
2.519846e-01 2.519846e-01 1.259923e-01
2.519846e-01 2.519846e-01 2.519846e-01
2.519846e-01 2.519846e-01 3.779770e-01
2.519846e-01 3.779770e-01 0.000000e+00
2.519846e-01 3.779770e-01 1.259923e-01
2.519846e-01 3.779770e-01 2.519846e-01
2.519846e-01 3.779770e-01 3.779770e-01
2.519846e-01 5.039693e-01 0.000000e+00
2.519846e-01 5.039693e-01 1.259923e-01
2.519846e-01 5.039693e-01 2.519846e-01
2.519846e-01 5.039693e-01 3.779770e-01
2.519846e-01 6.299616e-01 0.000000e+00
2.519846e-01 6.299616e-01 1.259923e-01
2.519846e-01 6.299616e-01 2.519846e-01
2.519846e-01 6.299616e-01 3.779770e-01
3.779770e-01 0.000000e+00 0.000000e+00
3.779770e-01 0.000000e+00 1.259923e-01
3.779770e-01 0.000000e+00 2.519846e-01
3.779770e-01 0.000000e+00 3.779770e-01
3.779770e-01 1.259923e-01 0.000000e+00
3.779770e-01 1.259923e-01 1.259923e-01
3.779770e-01 1.259923e-01 2.519846e-01
3.779770e-01 1.259923e-01 3.779770e-01
3.779770e-01 2.519846e-01 0.000000e+00
3.779770e-01 2.519846e-01 1.259923e-01
3.779770e-01 2.519846e-01 2.519846e-01
3.779770e-01 2.519846e-01 3.779770e-01
3.779770e-01 3.779770e-01 0.000000e+00
3.779770e-01 3.779770e-01 1.259923e-01
3.779770e-01 3.779770e-01 2.519846e-01
3.779770e-01 3.779770e-01 3.779770e-01
3.779770e-01 5.039693e-01 0.000000e+00
3.779770e-01 5.039693e-01 1.259923e-01
3.779770e-01 5.039693e-01 2.519846e-01
3.779770e-01 5.039693e-01 3.779770e-01
3.779770e-01 6.299616e-01 0.000000e+00
3.779770e-01 6.299616e-01 1.259923e-01
3.779770e-01 6.299616e-01 2.519846e-01
3.779770e-01 6.299616e-01 3.779770e-01
